
> @lynq/frontend@1.0.0 build C:\Users\sohom\OneDrive\Desktop\LYNQ\apps\web\frontend
> tsc && vite build

[36mvite v5.4.21 [32mbuilding for production...[36m[39m
transforming...

/assets/cursor-glow.svg referenced in /assets/cursor-glow.svg didn't resolve at build time, it will remain unchanged to be resolved at runtime

/assets/textured-dark-bg.png referenced in /assets/textured-dark-bg.png didn't resolve at build time, it will remain unchanged to be resolved at runtime

./assets/fonts/MonumentExtended-Regular.ttf referenced in ./assets/fonts/MonumentExtended-Regular.ttf didn't resolve at build time, it will remain unchanged to be resolved at runtime
../../../node_modules/.pnpm/ox@0.9.3_typescript@5.9.3_zod@3.25.76/node_modules/ox/_esm/core/Base64.js (6:27): A comment

"/*#__PURE__*/"

in "../../../node_modules/.pnpm/ox@0.9.3_typescript@5.9.3_zod@3.25.76/node_modules/ox/_esm/core/Base64.js" contains an annotation that Rollup cannot interpret due to the position of the comment. The comment will be removed to avoid issues.
[32m✓[39m 3209 modules transformed.
rendering chunks...
computing gzip size...
[2mdist/[22m[32mindex.html                                [39m[1m[2m    0.91 kB[22m[1m[22m[2m │ gzip:     0.41 kB[22m
[2mdist/[22m[35massets/index-DBnv8Vkw.css                 [39m[1m[2m   75.64 kB[22m[1m[22m[2m │ gzip:    11.65 kB[22m
[2mdist/[22m[36massets/telegramService-II6eYDrW.js        [39m[1m[2m    1.23 kB[22m[1m[22m[2m │ gzip:     0.70 kB[22m
[2mdist/[22m[36massets/Filters-BLMy_Z9O.js                [39m[1m[2m    1.37 kB[22m[1m[22m[2m │ gzip:     0.50 kB[22m
[2mdist/[22m[36massets/SummaryHeader-N2kqQbN_.js          [39m[1m[2m    1.60 kB[22m[1m[22m[2m │ gzip:     0.78 kB[22m
[2mdist/[22m[36massets/Transaction-CXyzGMOu.js            [39m[1m[2m    1.87 kB[22m[1m[22m[2m │ gzip:     0.83 kB[22m
[2mdist/[22m[36massets/SmallLoanCard-vfPx8qM_.js          [39m[1m[2m    2.48 kB[22m[1m[22m[2m │ gzip:     1.03 kB[22m
[2mdist/[22m[36massets/AssetTable-DQWkVScD.js             [39m[1m[2m    2.91 kB[22m[1m[22m[2m │ gzip:     0.90 kB[22m
[2mdist/[22m[36massets/LoanEligibilityMeter-C2fesAKZ.js   [39m[1m[2m    3.18 kB[22m[1m[22m[2m │ gzip:     1.26 kB[22m
[2mdist/[22m[36massets/FaucetModule-DpTS2_xM.js           [39m[1m[2m    3.48 kB[22m[1m[22m[2m │ gzip:     1.22 kB[22m
[2mdist/[22m[36massets/PersonalDetails-CboCT3Gn.js        [39m[1m[2m    4.16 kB[22m[1m[22m[2m │ gzip:     1.36 kB[22m
[2mdist/[22m[36massets/WalletConnectionModal-fOlE-2AD.js  [39m[1m[2m    4.80 kB[22m[1m[22m[2m │ gzip:     1.78 kB[22m
[2mdist/[22m[36massets/CoinCard-CDE3jKIT.js               [39m[1m[2m    5.04 kB[22m[1m[22m[2m │ gzip:     1.64 kB[22m
[2mdist/[22m[36massets/ProfileDashboard-Co7e2GTO.js       [39m[1m[2m    5.58 kB[22m[1m[22m[2m │ gzip:     1.55 kB[22m
[2mdist/[22m[36massets/TradeInterface-BUq3OVYC.js         [39m[1m[2m    7.49 kB[22m[1m[22m[2m │ gzip:     2.38 kB[22m
[2mdist/[22m[36massets/BigLoanCard-Cv0tJ7WO.js            [39m[1m[2m   10.68 kB[22m[1m[22m[2m │ gzip:     3.37 kB[22m
[2mdist/[22m[36massets/index-N5uyCmv-.js                  [39m[1m[2m   13.26 kB[22m[1m[22m[2m │ gzip:     4.91 kB[22m
[2mdist/[22m[36massets/LoanRequestForm-CgM9RxQY.js        [39m[1m[2m   18.82 kB[22m[1m[22m[2m │ gzip:     5.21 kB[22m
[2mdist/[22m[36massets/FlashLoanDashboard-BcSII9Fu.js     [39m[1m[2m   42.79 kB[22m[1m[22m[2m │ gzip:     7.99 kB[22m
[2mdist/[22m[36massets/framer-motion-bOyvFQd9.js          [39m[1m[2m  123.49 kB[22m[1m[22m[2m │ gzip:    41.10 kB[22m
[2mdist/[22m[36massets/index-DYnLgxH2.js                  [39m[1m[2m  138.23 kB[22m[1m[22m[2m │ gzip:    43.95 kB[22m
[2mdist/[22m[36massets/chart-vendor-x9wyCgg2.js           [39m[1m[2m  145.83 kB[22m[1m[22m[2m │ gzip:    51.38 kB[22m
[2mdist/[22m[36massets/react-vendor-H7yrmUQy.js           [39m[1m[2m  214.76 kB[22m[1m[22m[2m │ gzip:    68.69 kB[22m
[2mdist/[22m[36massets/web3-vendor-BamyWhMr.js            [39m[1m[2m  423.64 kB[22m[1m[22m[2m │ gzip:   149.81 kB[22m
[2mdist/[22m[36massets/index-D-u00t2K.js                  [39m[1m[2m  829.91 kB[22m[1m[22m[2m │ gzip:   249.83 kB[22m
[2mdist/[22m[36massets/spline-vendor-OGYmd07i.js          [39m[1m[33m4,596.84 kB[39m[22m[2m │ gzip: 1,474.68 kB[22m
[33m
(!) Some chunks are larger than 2000 kB after minification. Consider:
- Using dynamic import() to code-split the application
- Use build.rollupOptions.output.manualChunks to improve chunking: https://rollupjs.org/configuration-options/#output-manualchunks
- Adjust chunk size limit for this warning via build.chunkSizeWarningLimit.[39m
[32m✓ built in 24.02s[39m
