
> @lynq/frontend@1.0.0 build C:\Users\sohom\OneDrive\Desktop\LYNQ\apps\frontend
> tsc && vite build

[36mvite v5.4.21 [32mbuilding for production...[36m[39m
transforming...

/assets/cursor-glow.svg referenced in /assets/cursor-glow.svg didn't resolve at build time, it will remain unchanged to be resolved at runtime

/assets/textured-dark-bg.png referenced in /assets/textured-dark-bg.png didn't resolve at build time, it will remain unchanged to be resolved at runtime

./assets/fonts/MonumentExtended-Regular.ttf referenced in ./assets/fonts/MonumentExtended-Regular.ttf didn't resolve at build time, it will remain unchanged to be resolved at runtime
../../node_modules/.pnpm/ox@0.9.3_typescript@5.9.3_zod@3.25.76/node_modules/ox/_esm/core/Base64.js (6:27): A comment

"/*#__PURE__*/"

in "../../node_modules/.pnpm/ox@0.9.3_typescript@5.9.3_zod@3.25.76/node_modules/ox/_esm/core/Base64.js" contains an annotation that Rollup cannot interpret due to the position of the comment. The comment will be removed to avoid issues.
[32m✓[39m 2683 modules transformed.
rendering chunks...
computing gzip size...
[2mdist/[22m[32mindex.html                                [39m[1m[2m  0.66 kB[22m[1m[22m[2m │ gzip:   0.37 kB[22m
[2mdist/[22m[35massets/index-Ds0E-1La.css                 [39m[1m[2m 74.22 kB[22m[1m[22m[2m │ gzip:  11.44 kB[22m
[2mdist/[22m[36massets/telegramService-BOr2EuFc.js        [39m[1m[2m  1.24 kB[22m[1m[22m[2m │ gzip:   0.71 kB[22m
[2mdist/[22m[36massets/Filters-CJNiifID.js                [39m[1m[2m  1.34 kB[22m[1m[22m[2m │ gzip:   0.48 kB[22m
[2mdist/[22m[36massets/SummaryHeader-gfptxuUv.js          [39m[1m[2m  1.57 kB[22m[1m[22m[2m │ gzip:   0.76 kB[22m
[2mdist/[22m[36massets/Transaction-HVSn6Ozv.js            [39m[1m[2m  1.83 kB[22m[1m[22m[2m │ gzip:   0.81 kB[22m
[2mdist/[22m[36massets/SmallLoanCard-DAD74I4u.js          [39m[1m[2m  2.45 kB[22m[1m[22m[2m │ gzip:   1.01 kB[22m
[2mdist/[22m[36massets/AssetTable-C3nKpfWY.js             [39m[1m[2m  2.87 kB[22m[1m[22m[2m │ gzip:   0.88 kB[22m
[2mdist/[22m[36massets/LoanEligibilityMeter-DMEyMzyx.js   [39m[1m[2m  3.15 kB[22m[1m[22m[2m │ gzip:   1.24 kB[22m
[2mdist/[22m[36massets/FaucetModule-BOqrfVex.js           [39m[1m[2m  3.45 kB[22m[1m[22m[2m │ gzip:   1.20 kB[22m
[2mdist/[22m[36massets/PersonalDetails-Nbh6fP64.js        [39m[1m[2m  4.12 kB[22m[1m[22m[2m │ gzip:   1.34 kB[22m
[2mdist/[22m[36massets/CoinCard-DxFX4GDg.js               [39m[1m[2m  4.41 kB[22m[1m[22m[2m │ gzip:   1.33 kB[22m
[2mdist/[22m[36massets/WalletConnectionModal-CHzV4zQO.js  [39m[1m[2m  4.70 kB[22m[1m[22m[2m │ gzip:   1.73 kB[22m
[2mdist/[22m[36massets/ProfileDashboard-Bc6yiCfq.js       [39m[1m[2m  4.95 kB[22m[1m[22m[2m │ gzip:   1.81 kB[22m
[2mdist/[22m[36massets/TradeInterface-D7VHKtHX.js         [39m[1m[2m  7.38 kB[22m[1m[22m[2m │ gzip:   2.34 kB[22m
[2mdist/[22m[36massets/BigLoanCard-CKcYVAYj.js            [39m[1m[2m 10.61 kB[22m[1m[22m[2m │ gzip:   3.34 kB[22m
[2mdist/[22m[36massets/index-DEqSWtkL.js                  [39m[1m[2m 13.27 kB[22m[1m[22m[2m │ gzip:   4.93 kB[22m
[2mdist/[22m[36massets/LoanRequestForm-Bk5wIJYt.js        [39m[1m[2m 18.15 kB[22m[1m[22m[2m │ gzip:   5.04 kB[22m
[2mdist/[22m[36massets/FlashLoanDashboard-DZb0YQLL.js     [39m[1m[2m 42.71 kB[22m[1m[22m[2m │ gzip:   7.97 kB[22m
[2mdist/[22m[36massets/framer-motion-DWxc7WWD.js          [39m[1m[2m117.01 kB[22m[1m[22m[2m │ gzip:  38.63 kB[22m
[2mdist/[22m[36massets/index-DjNtz5aI.js                  [39m[1m[2m138.22 kB[22m[1m[22m[2m │ gzip:  43.94 kB[22m
[2mdist/[22m[36massets/react-vendor-lSa7zXpP.js           [39m[1m[2m182.01 kB[22m[1m[22m[2m │ gzip:  60.08 kB[22m
[2mdist/[22m[36massets/web3-vendor-DruB9pnn.js            [39m[1m[2m266.60 kB[22m[1m[22m[2m │ gzip:  98.54 kB[22m
[2mdist/[22m[36massets/index-B0weutO0.js                  [39m[1m[2m872.32 kB[22m[1m[22m[2m │ gzip: 266.26 kB[22m
[32m✓ built in 25.08s[39m
